SF:lib\app\data\models\form_model.dart
DA:8,2
DA:37,2
DA:38,2
DA:39,2
DA:40,2
DA:41,2
DA:42,2
DA:43,2
DA:44,2
DA:45,2
DA:46,2
DA:47,2
DA:48,2
DA:49,2
DA:50,2
DA:51,2
DA:52,2
DA:53,2
DA:54,2
DA:55,2
DA:56,2
DA:57,2
DA:61,2
DA:89,2
DA:90,2
DA:91,2
DA:92,2
DA:93,2
DA:94,2
DA:95,2
DA:96,2
DA:97,2
DA:98,2
DA:99,2
DA:100,2
DA:101,2
DA:102,2
DA:103,2
DA:104,2
DA:105,2
DA:106,2
DA:107,1
DA:108,2
DA:109,2
DA:110,2
DA:111,2
DA:112,2
DA:113,2
DA:114,2
DA:115,2
LF:50
LH:50
end_of_record
SF:lib\app\data\repositories\form_mock_repository.dart
DA:231,0
DA:234,0
DA:236,0
DA:237,0
DA:241,0
DA:247,0
DA:248,0
DA:249,0
DA:252,0
DA:254,0
DA:256,0
DA:258,0
DA:260,0
DA:262,0
LF:14
LH:0
end_of_record
SF:lib\app\domain\entities\form_entity.dart
DA:34,6
LF:1
LH:1
end_of_record
SF:lib\app\domain\enum\form_status_enum.dart
DA:10,2
DA:11,4
LF:2
LH:2
end_of_record
SF:lib\app\domain\enum\priority_enum.dart
DA:13,1
DA:14,2
DA:17,1
DA:19,1
DA:20,0
DA:21,1
DA:22,0
DA:23,1
DA:24,1
DA:25,0
DA:26,0
DA:28,0
LF:12
LH:7
end_of_record
SF:lib\app\domain\failures\failures.dart
DA:8,5
DA:9,15
DA:10,15
DA:12,5
DA:18,2
DA:19,6
DA:23,0
DA:24,0
LF:8
LH:6
end_of_record
SF:lib\app\domain\entities\information_field_entity.dart
DA:6,2
DA:14,2
DA:16,2
DA:25,1
DA:28,1
DA:36,1
DA:38,1
LF:7
LH:7
end_of_record
SF:lib\app\domain\entities\section_entity.dart
DA:7,2
LF:1
LH:1
end_of_record
SF:lib\app\domain\entities\field_entity.dart
DA:12,2
DA:26,2
DA:44,0
DA:62,0
DA:79,0
DA:96,0
DA:113,0
DA:129,0
DA:145,0
DA:161,0
DA:178,0
LF:11
LH:2
end_of_record
SF:lib\generated\l10n.dart
DA:16,7
DA:20,6
DA:21,6
DA:28,7
DA:29,8
DA:30,0
DA:31,7
DA:32,7
DA:33,21
DA:34,7
DA:35,7
DA:42,1
DA:43,1
DA:44,1
DA:49,1
DA:50,1
DA:54,0
DA:55,0
DA:56,0
DA:59,0
DA:64,2
DA:65,2
DA:66,2
DA:69,2
DA:74,0
DA:75,0
DA:76,0
DA:79,0
DA:84,1
DA:85,1
DA:89,1
DA:94,1
DA:95,1
DA:99,1
DA:104,1
DA:105,1
DA:109,1
DA:114,1
DA:115,1
DA:119,1
DA:124,1
DA:125,1
DA:129,1
DA:134,1
DA:135,1
DA:139,1
DA:144,1
DA:145,1
DA:149,1
DA:154,1
DA:155,1
DA:159,1
DA:164,1
DA:165,1
DA:169,1
DA:174,1
DA:175,1
DA:179,1
DA:184,1
DA:185,1
DA:189,1
DA:194,1
DA:195,1
DA:199,1
DA:204,1
DA:205,1
DA:209,1
DA:214,1
DA:215,1
DA:219,1
DA:224,1
DA:225,1
DA:229,1
DA:234,1
DA:235,1
DA:239,1
DA:244,0
DA:245,0
DA:249,0
DA:254,1
DA:255,1
DA:259,1
DA:264,1
DA:265,1
DA:269,1
DA:274,1
DA:275,1
DA:279,1
DA:284,2
DA:285,2
DA:289,2
DA:294,1
DA:295,1
DA:297,1
DA:306,1
DA:311,1
DA:312,1
DA:314,1
DA:323,1
DA:328,2
DA:329,2
DA:331,2
DA:339,2
DA:345,21
DA:347,1
DA:354,1
DA:355,1
DA:356,1
DA:357,1
DA:358,0
DA:361,1
DA:362,2
DA:363,3
LF:113
LH:100
end_of_record
SF:lib\app\shared\themes\app_colors.dart
DA:4,4
DA:5,2
DA:6,4
DA:7,0
DA:8,2
DA:9,2
DA:10,0
DA:11,2
LF:8
LH:6
end_of_record
SF:lib\generated\intl\messages_all.dart
DA:23,21
DA:24,12
DA:25,2
DA:28,7
DA:30,7
DA:31,6
DA:32,1
DA:33,1
DA:40,7
DA:41,7
DA:42,21
DA:43,0
DA:45,0
DA:47,14
DA:48,7
DA:49,21
DA:50,14
DA:51,7
DA:54,7
DA:56,7
DA:62,7
DA:64,7
DA:66,7
LF:23
LH:21
end_of_record
SF:lib\generated\intl\messages_en.dart
DA:16,18
DA:21,0
DA:23,0
DA:24,0
DA:26,6
DA:31,2
DA:33,0
DA:35,3
DA:41,1
DA:43,3
DA:49,1
DA:51,4
DA:54,12
DA:55,6
DA:56,6
DA:57,6
DA:58,6
DA:60,6
DA:61,6
DA:62,6
DA:65,6
DA:66,6
DA:67,6
DA:69,6
DA:70,6
DA:71,6
DA:72,6
DA:74,6
DA:76,6
DA:78,6
DA:81,6
DA:82,6
DA:83,6
DA:84,6
LF:34
LH:30
end_of_record
SF:lib\generated\intl\messages_pt.dart
DA:16,3
DA:21,0
DA:23,0
DA:24,0
DA:26,0
DA:31,0
DA:33,0
DA:34,0
DA:36,0
DA:42,0
DA:44,0
DA:50,0
DA:52,0
DA:55,2
DA:56,1
DA:57,1
DA:59,1
DA:61,1
DA:66,1
DA:69,1
LF:20
LH:8
end_of_record
SF:lib\app\app_module.dart
DA:27,9
DA:28,27
DA:30,9
DA:32,9
DA:33,9
DA:34,9
DA:35,0
DA:36,0
DA:37,0
DA:38,0
DA:44,1
DA:46,1
DA:47,2
DA:48,0
DA:50,1
DA:52,1
DA:53,2
DA:55,2
DA:60,6
DA:61,12
DA:62,6
DA:64,6
DA:65,6
DA:66,2
DA:67,6
DA:68,6
DA:70,6
DA:71,6
DA:72,6
DA:73,6
DA:74,0
DA:75,0
DA:80,1
DA:82,1
DA:83,2
DA:84,0
DA:85,1
DA:86,1
DA:88,0
DA:89,2
DA:93,1
DA:95,0
DA:96,2
DA:102,9
DA:103,18
DA:105,9
DA:107,9
DA:108,9
DA:109,27
LF:49
LH:39
end_of_record
SF:lib\app\data\models\user_model.dart
DA:4,1
DA:12,0
DA:13,0
DA:14,0
DA:15,0
DA:16,0
DA:17,0
DA:18,0
DA:19,0
LF:9
LH:1
end_of_record
SF:lib\app\data\repositories\user_dio_repository.dart
DA:13,0
DA:16,0
DA:17,0
DA:18,0
DA:20,0
DA:22,0
DA:26,0
LF:7
LH:0
end_of_record
SF:lib\app\domain\entities\user_entity.dart
DA:11,9
LF:1
LH:1
end_of_record
SF:lib\app\domain\usecases\fetch_user_forms_usecase.dart
DA:13,2
DA:15,1
DA:18,2
LF:3
LH:3
end_of_record
SF:lib\app\domain\usecases\update_form_usecase.dart
DA:15,2
DA:17,1
DA:20,2
LF:3
LH:3
end_of_record
SF:lib\app\domain\usecases\login_user_usecase.dart
DA:13,9
DA:15,0
DA:17,0
LF:3
LH:1
end_of_record
SF:lib\app\presentation\controllers\filter_form_controller.dart
DA:14,1
DA:15,1
DA:18,1
DA:19,1
DA:22,1
DA:23,1
DA:26,1
DA:27,1
DA:30,1
DA:31,1
DA:34,1
DA:35,1
DA:36,1
DA:37,1
DA:38,1
DA:41,4
DA:42,2
DA:43,2
DA:44,2
DA:45,2
DA:46,6
LF:21
LH:21
end_of_record
SF:lib\app\presentation\controllers\form_details_controller.dart
DA:9,1
DA:10,1
DA:15,1
DA:16,2
DA:18,3
DA:21,3
DA:22,3
DA:24,3
DA:25,3
LF:9
LH:9
end_of_record
SF:lib\app\presentation\controllers\select_chip_controller.dart
DA:4,6
DA:6,3
LF:2
LH:2
end_of_record
SF:lib\app\presentation\controllers\sort_forms_controller.dart
DA:6,1
DA:7,1
LF:2
LH:2
end_of_record
SF:lib\app\presentation\pages\form_details_page.dart
DA:14,17
DA:16,1
DA:17,1
DA:24,1
DA:26,1
DA:27,1
DA:28,1
DA:33,1
DA:35,1
DA:36,1
DA:37,1
DA:38,1
DA:40,0
DA:42,1
DA:43,7
DA:44,3
DA:52,1
DA:53,4
DA:54,0
DA:55,1
DA:63,1
DA:64,2
DA:66,1
DA:67,1
DA:68,1
DA:71,1
DA:72,1
DA:73,1
DA:74,4
DA:75,4
DA:76,4
DA:79,1
DA:80,1
DA:81,4
DA:82,5
DA:85,1
DA:86,1
DA:87,5
DA:88,3
DA:91,1
DA:92,1
DA:93,5
DA:94,5
DA:97,1
DA:98,1
DA:99,4
DA:100,5
DA:103,1
DA:104,1
DA:105,5
DA:106,5
DA:109,1
DA:110,1
DA:111,5
DA:112,5
DA:115,1
DA:116,2
DA:117,1
DA:124,1
DA:125,1
DA:127,1
DA:128,2
DA:129,1
DA:130,1
DA:131,1
DA:135,1
DA:139,1
DA:140,1
DA:142,1
DA:144,1
DA:145,1
DA:146,1
DA:147,5
DA:151,1
DA:154,4
DA:162,1
DA:163,2
DA:165,1
DA:166,1
DA:167,4
DA:168,1
DA:170,1
DA:171,0
DA:172,0
DA:173,0
DA:175,0
DA:176,0
DA:179,1
DA:180,4
DA:181,1
DA:182,1
DA:186,4
DA:188,1
DA:190,5
DA:191,1
DA:195,1
DA:199,0
DA:201,1
DA:202,1
DA:203,1
DA:204,1
DA:205,0
DA:206,1
DA:207,1
DA:208,1
DA:212,1
DA:214,1
DA:217,5
DA:218,1
DA:221,1
DA:229,1
DA:230,1
DA:231,0
DA:232,1
DA:233,1
DA:234,1
DA:238,4
DA:239,1
DA:240,4
DA:243,1
DA:246,5
DA:248,4
DA:250,1
DA:260,0
DA:261,0
DA:263,0
DA:264,0
DA:265,0
DA:266,0
DA:267,0
DA:268,0
DA:269,0
DA:270,0
DA:274,0
DA:276,0
DA:279,0
DA:280,0
DA:283,0
DA:291,0
DA:292,0
DA:293,0
DA:294,0
DA:295,0
DA:296,0
DA:300,0
DA:301,0
DA:302,0
DA:305,0
DA:308,0
DA:310,0
DA:312,0
LF:151
LH:113
end_of_record
SF:lib\app\presentation\pages\home_page.dart
DA:14,17
DA:16,1
DA:17,1
DA:21,1
DA:23,1
DA:24,1
DA:25,1
DA:26,4
DA:29,2
DA:30,1
DA:31,1
DA:32,1
DA:33,2
DA:34,1
DA:35,0
DA:41,0
DA:42,0
DA:44,0
DA:47,0
DA:48,0
DA:51,0
DA:52,0
DA:53,0
DA:55,0
DA:57,0
DA:58,0
DA:60,0
DA:61,0
DA:62,0
DA:64,0
DA:71,0
DA:72,0
DA:75,0
DA:76,0
DA:78,0
DA:94,1
DA:95,1
DA:97,2
LF:38
LH:17
end_of_record
SF:lib\app\presentation\pages\landing_page.dart
DA:9,16
DA:13,0
DA:14,0
DA:18,0
DA:20,0
DA:21,0
DA:22,0
DA:23,0
DA:26,0
DA:35,0
DA:36,0
DA:37,0
DA:39,0
DA:40,0
DA:43,0
LF:15
LH:1
end_of_record
SF:lib\app\presentation\pages\splash_page.dart
DA:7,17
DA:9,1
DA:10,1
DA:14,1
DA:16,1
DA:17,3
DA:18,2
DA:19,4
DA:23,1
DA:25,1
DA:26,1
DA:27,1
DA:28,1
DA:30,1
LF:14
LH:14
end_of_record
SF:lib\app\presentation\stores\providers\form_user_provider.dart
DA:17,1
DA:26,0
DA:27,0
DA:28,0
DA:32,1
DA:33,4
DA:35,1
DA:36,4
DA:38,1
DA:39,4
DA:41,1
DA:42,4
DA:44,0
DA:45,0
DA:46,0
DA:49,0
DA:50,0
DA:51,0
DA:53,0
DA:54,0
DA:55,0
DA:56,0
DA:57,0
DA:58,0
DA:60,0
DA:61,0
DA:62,0
DA:64,0
DA:66,0
DA:72,0
DA:73,0
DA:74,0
DA:77,0
DA:78,0
DA:79,0
DA:80,0
DA:81,0
DA:83,0
DA:84,0
DA:85,0
DA:87,0
DA:88,0
DA:94,0
DA:95,0
DA:97,0
DA:98,0
DA:99,0
DA:100,0
DA:101,0
DA:103,0
DA:106,0
DA:113,0
DA:117,0
DA:121,0
DA:124,0
DA:128,0
DA:130,0
DA:133,0
DA:136,0
DA:139,0
DA:140,0
DA:143,0
DA:145,0
DA:146,0
DA:148,0
DA:149,0
DA:150,0
DA:151,0
DA:152,0
DA:154,0
DA:157,0
LF:71
LH:9
end_of_record
SF:lib\app\presentation\stores\providers\user_provider.dart
DA:9,9
DA:14,0
DA:18,0
DA:19,0
DA:20,0
LF:5
LH:1
end_of_record
SF:lib\app\shared\helpers\environments\environment_config.dart
DA:14,1
DA:22,1
DA:28,9
DA:29,9
DA:30,9
DA:31,36
DA:33,9
DA:35,9
DA:36,9
DA:38,0
LF:10
LH:9
end_of_record
SF:lib\app\shared\helpers\guards\user_guard.dart
DA:7,2
DA:8,0
DA:10,0
LF:3
LH:1
end_of_record
SF:lib\app\shared\helpers\services\dio\dio_auth_interceptor.dart
DA:4,0
DA:9,0
DA:12,0
DA:14,0
DA:17,0
DA:20,0
LF:6
LH:0
end_of_record
SF:lib\app\shared\helpers\services\dio\dio_http_service.dart
DA:7,0
DA:11,0
DA:14,0
DA:17,0
DA:19,0
DA:22,0
DA:24,0
DA:27,0
DA:29,0
DA:32,0
DA:34,0
LF:11
LH:0
end_of_record
SF:lib\app\data\repositories\user_mock_repository.dart
DA:17,0
DA:19,0
DA:20,0
DA:21,0
DA:23,0
LF:5
LH:0
end_of_record
SF:lib\app\domain\enum\order_enum.dart
DA:11,1
DA:12,2
LF:2
LH:2
end_of_record
SF:lib\app\shared\helpers\utils\screen_helper.dart
DA:4,6
DA:5,6
DA:6,3
LF:3
LH:3
end_of_record
SF:lib\app\presentation\states\form_user_state.dart
DA:5,3
DA:15,1
DA:21,0
LF:3
LH:2
end_of_record
SF:lib\app\presentation\widgets\filter_tab_widget.dart
DA:18,17
DA:20,1
DA:21,1
DA:30,1
DA:32,1
DA:36,1
DA:37,1
DA:38,2
DA:39,1
DA:42,1
DA:43,1
DA:44,2
DA:46,1
DA:52,1
DA:57,1
DA:58,1
DA:61,1
DA:63,1
DA:64,1
DA:65,1
DA:66,4
DA:72,0
DA:73,0
DA:75,0
DA:76,0
DA:78,0
DA:80,1
DA:82,1
DA:83,1
DA:86,1
DA:87,2
DA:88,0
DA:89,3
DA:90,5
DA:91,4
DA:95,1
DA:97,4
DA:103,1
DA:104,3
DA:105,1
DA:106,1
DA:107,4
DA:112,1
DA:113,3
DA:114,2
DA:115,1
DA:116,1
DA:117,5
DA:119,1
DA:120,0
DA:121,0
DA:122,0
DA:124,0
DA:128,0
DA:136,1
DA:140,3
DA:142,1
DA:144,1
DA:145,4
DA:147,1
DA:149,1
DA:151,4
DA:161,1
DA:162,2
DA:163,1
DA:165,1
DA:166,3
DA:167,1
DA:170,1
DA:171,1
DA:172,1
DA:173,2
DA:175,2
DA:176,0
DA:177,4
DA:182,1
DA:183,2
DA:184,2
DA:185,0
DA:186,4
DA:189,4
DA:194,2
DA:195,0
DA:196,0
DA:197,0
DA:198,0
DA:199,0
DA:201,0
DA:202,0
DA:203,0
DA:204,0
DA:205,0
DA:206,0
DA:207,0
DA:211,4
DA:212,1
DA:214,4
DA:221,4
DA:222,1
DA:223,1
DA:225,4
DA:227,1
LF:102
LH:77
end_of_record
SF:lib\app\presentation\widgets\form_card.dart
DA:10,1
DA:12,1
DA:13,1
DA:21,1
DA:23,1
DA:24,2
DA:28,4
DA:31,1
DA:33,2
DA:34,1
DA:37,0
DA:38,0
DA:39,0
DA:42,0
DA:43,0
DA:46,1
DA:48,2
DA:50,4
DA:51,2
DA:53,1
DA:54,1
DA:55,1
DA:56,1
DA:57,1
DA:58,1
DA:60,1
DA:61,1
DA:64,1
DA:65,3
DA:70,1
DA:74,1
DA:77,1
DA:78,1
DA:80,1
DA:81,1
DA:82,4
DA:84,1
DA:85,1
DA:86,1
DA:87,1
DA:89,1
DA:91,1
DA:92,2
DA:97,1
DA:98,4
DA:100,3
DA:103,1
DA:106,3
DA:109,1
DA:110,1
DA:113,3
LF:51
LH:46
end_of_record
SF:lib\app\shared\themes\app_text_styles.dart
DA:5,3
DA:6,1
DA:11,0
DA:12,0
DA:17,6
DA:18,2
DA:22,3
DA:23,1
DA:27,0
DA:28,0
LF:10
LH:6
end_of_record
SF:lib\app\presentation\widgets\bottom_navigation_widget.dart
DA:6,17
DA:8,1
DA:9,1
DA:15,0
DA:16,0
DA:17,0
DA:21,1
DA:23,1
DA:25,1
DA:29,1
DA:30,1
DA:35,1
DA:41,1
DA:46,1
DA:56,1
DA:58,1
DA:60,1
DA:61,1
DA:63,2
DA:64,4
DA:65,1
DA:68,4
DA:69,2
DA:70,0
LF:24
LH:20
end_of_record
SF:lib\app\shared\helpers\functions\global_snackbar.dart
DA:5,0
DA:6,0
DA:9,0
DA:10,0
DA:14,0
DA:16,0
DA:21,0
DA:22,0
DA:26,0
DA:28,0
LF:10
LH:0
end_of_record
SF:lib\app\presentation\widgets\dialogs\filter_order_dialog.dart
DA:12,17
DA:16,1
DA:17,1
DA:27,1
DA:29,1
DA:30,3
DA:31,3
DA:32,3
DA:33,3
DA:36,0
DA:37,0
DA:38,0
DA:39,0
DA:40,0
DA:43,0
DA:44,0
DA:45,0
DA:46,0
DA:47,0
DA:50,1
DA:52,1
DA:56,1
DA:60,1
DA:62,1
DA:65,1
DA:66,1
DA:67,1
DA:68,1
DA:69,1
DA:70,2
DA:71,2
DA:72,3
DA:75,1
DA:78,1
DA:80,0
DA:81,0
DA:88,1
DA:89,0
DA:90,0
DA:91,0
DA:94,3
DA:96,1
DA:98,1
DA:99,2
DA:100,0
DA:101,0
DA:104,1
DA:106,1
DA:107,2
DA:108,0
DA:109,0
DA:112,1
DA:114,1
DA:115,2
DA:116,0
DA:117,0
DA:120,1
DA:122,1
DA:123,2
DA:124,0
DA:125,0
DA:129,1
DA:130,1
DA:131,3
DA:133,0
DA:134,0
DA:135,0
DA:136,0
DA:137,0
DA:138,0
DA:139,0
DA:140,0
DA:142,0
DA:144,1
DA:145,2
DA:146,1
DA:147,1
DA:148,1
DA:149,2
DA:159,1
DA:165,1
DA:168,1
DA:169,0
DA:171,0
DA:174,1
DA:176,1
DA:178,1
DA:182,1
DA:183,1
DA:186,2
DA:188,1
DA:189,1
DA:190,1
DA:193,1
DA:195,1
DA:196,1
DA:197,1
DA:200,1
DA:203,1
DA:206,1
DA:210,1
DA:213,1
DA:214,1
DA:217,4
DA:222,1
DA:223,4
DA:224,1
DA:226,1
DA:231,0
DA:232,0
DA:233,0
DA:234,0
DA:235,0
DA:238,0
DA:240,0
LF:115
LH:74
end_of_record
SF:lib\app\presentation\widgets\dialogs\sort_forms_dialog.dart
DA:11,17
DA:13,1
DA:14,1
DA:19,1
DA:21,1
DA:22,1
DA:25,1
DA:28,1
DA:29,1
DA:32,1
DA:33,1
DA:34,1
DA:36,1
DA:37,1
DA:38,3
DA:40,1
DA:42,2
DA:43,0
DA:44,0
DA:45,0
DA:49,1
DA:50,2
DA:52,1
DA:53,1
DA:58,1
DA:59,0
DA:60,0
DA:61,0
DA:63,1
DA:64,2
DA:65,1
DA:66,1
DA:67,1
DA:68,2
LF:34
LH:28
end_of_record
