SF:lib\app\domain\entities\field_entity.dart
DA:12,2
DA:26,2
DA:44,0
DA:62,0
DA:79,0
DA:96,0
DA:113,0
DA:129,0
DA:145,0
DA:161,0
DA:178,0
LF:11
LH:2
end_of_record
SF:lib\app\domain\entities\form_entity.dart
DA:34,2
LF:1
LH:1
end_of_record
SF:lib\app\domain\entities\information_field_entity.dart
DA:6,2
DA:14,2
DA:16,2
DA:25,1
DA:28,1
DA:36,1
DA:38,1
LF:7
LH:7
end_of_record
SF:lib\app\domain\entities\section_entity.dart
DA:7,2
LF:1
LH:1
end_of_record
SF:lib\app\domain\enum\form_status_enum.dart
DA:10,1
DA:11,2
LF:2
LH:2
end_of_record
SF:lib\app\domain\enum\priority_enum.dart
DA:11,0
DA:12,0
LF:2
LH:0
end_of_record
SF:lib\generated\l10n.dart
DA:16,3
DA:20,2
DA:21,2
DA:28,3
DA:29,3
DA:30,0
DA:31,3
DA:32,3
DA:33,9
DA:34,3
DA:35,3
DA:42,1
DA:43,1
DA:44,1
DA:49,1
DA:50,1
DA:54,0
DA:55,0
DA:56,0
DA:59,0
DA:64,0
DA:65,0
DA:66,0
DA:69,0
DA:74,0
DA:75,0
DA:76,0
DA:79,0
DA:84,0
DA:85,0
DA:89,0
DA:94,0
DA:95,0
DA:99,0
DA:104,1
DA:105,1
DA:109,1
DA:114,1
DA:115,1
DA:119,1
DA:124,0
DA:125,0
DA:129,0
DA:134,1
DA:135,1
DA:139,1
DA:144,0
DA:145,0
DA:147,0
DA:156,0
DA:161,0
DA:162,0
DA:164,0
DA:173,0
DA:178,1
DA:179,1
DA:181,1
DA:189,1
DA:195,9
DA:197,0
DA:204,0
DA:205,0
DA:206,0
DA:207,0
DA:208,0
DA:211,0
DA:212,0
DA:213,0
LF:68
LH:29
end_of_record
SF:lib\generated\intl\messages_all.dart
DA:23,9
DA:24,4
DA:25,4
DA:28,3
DA:30,3
DA:31,2
DA:32,2
DA:33,2
DA:40,3
DA:41,3
DA:42,9
DA:43,0
DA:45,0
DA:47,6
DA:48,3
DA:49,9
DA:50,6
DA:51,3
DA:54,3
DA:56,3
DA:62,3
DA:64,3
DA:66,3
LF:23
LH:21
end_of_record
SF:lib\generated\intl\messages_en.dart
DA:16,6
DA:21,0
DA:23,0
DA:24,0
DA:26,3
DA:31,1
DA:33,0
DA:35,0
DA:41,0
DA:43,0
DA:49,0
DA:51,0
DA:54,4
DA:55,2
DA:56,2
DA:58,2
DA:60,2
DA:64,2
DA:67,2
LF:19
LH:10
end_of_record
SF:lib\generated\intl\messages_pt.dart
DA:16,6
DA:21,0
DA:23,0
DA:24,0
DA:26,0
DA:31,0
DA:33,0
DA:34,0
DA:36,0
DA:42,0
DA:44,0
DA:50,0
DA:52,0
DA:55,4
DA:56,2
DA:57,2
DA:59,2
DA:61,2
DA:66,2
DA:69,2
LF:20
LH:8
end_of_record
SF:lib\app\domain\failures\failures.dart
DA:8,2
DA:9,6
DA:10,6
DA:12,2
DA:18,0
DA:19,0
DA:23,0
DA:24,0
LF:8
LH:4
end_of_record
SF:lib\app\domain\usecases\fetch_user_forms_usecase.dart
DA:13,1
DA:15,1
DA:18,2
LF:3
LH:3
end_of_record
SF:lib\app\injector.dart
DA:15,15
DA:17,2
DA:18,4
DA:19,4
DA:20,4
DA:21,4
DA:22,0
DA:23,0
DA:24,0
DA:25,0
DA:29,4
DA:30,0
DA:31,4
DA:32,0
DA:33,4
DA:34,4
DA:35,4
DA:37,4
LF:18
LH:12
end_of_record
SF:lib\app\data\repositories\form_mock_repository.dart
DA:228,0
DA:231,0
DA:233,0
DA:234,0
LF:4
LH:0
end_of_record
SF:lib\app\domain\enum\order_enum.dart
DA:11,0
DA:12,0
LF:2
LH:0
end_of_record
SF:lib\app\presentation\controllers\filter_form_controller.dart
DA:14,0
DA:15,0
DA:18,0
DA:19,0
DA:22,0
DA:23,0
DA:26,0
DA:27,0
DA:30,0
DA:31,0
DA:34,0
DA:35,0
DA:36,0
DA:37,0
DA:38,0
DA:41,0
DA:42,0
DA:43,0
DA:44,0
DA:45,0
DA:46,0
LF:21
LH:0
end_of_record
SF:lib\app\presentation\controllers\select_chip_controller.dart
DA:4,3
DA:6,0
LF:2
LH:1
end_of_record
SF:lib\app\presentation\controllers\sort_forms_controller.dart
DA:6,0
DA:7,0
LF:2
LH:0
end_of_record
SF:lib\app\presentation\stores\providers\form_user_provider.dart
DA:14,0
DA:20,0
DA:21,0
DA:23,0
DA:24,0
DA:26,0
DA:27,0
DA:29,0
DA:30,0
DA:32,0
DA:33,0
DA:34,0
DA:37,0
DA:38,0
DA:39,0
DA:41,0
DA:42,0
DA:43,0
DA:44,0
DA:45,0
DA:46,0
DA:48,0
DA:49,0
DA:50,0
DA:52,0
DA:54,0
DA:60,0
DA:61,0
DA:62,0
DA:63,0
DA:64,0
DA:65,0
DA:68,0
DA:75,0
DA:79,0
DA:83,0
DA:87,0
DA:90,0
DA:94,0
DA:97,0
DA:100,0
DA:101,0
DA:104,0
DA:106,0
DA:107,0
DA:109,0
DA:110,0
DA:111,0
DA:112,0
DA:113,0
DA:115,0
DA:118,0
LF:52
LH:0
end_of_record
SF:lib\app\shared\helpers\environments\environment_config.dart
DA:12,0
DA:20,0
LF:2
LH:0
end_of_record
SF:lib\app\shared\helpers\services\dio\dio_auth_interceptor.dart
DA:4,0
DA:9,0
DA:12,0
DA:14,0
DA:17,0
DA:20,0
LF:6
LH:0
end_of_record
SF:lib\app\shared\helpers\services\dio\dio_http_service.dart
DA:7,0
DA:11,0
DA:14,0
DA:17,0
DA:19,0
DA:22,0
DA:24,0
DA:27,0
DA:29,0
DA:32,0
DA:34,0
LF:11
LH:0
end_of_record
SF:lib\app\presentation\states\form_user_state.dart
DA:5,2
DA:15,1
DA:21,0
LF:3
LH:2
end_of_record
SF:lib\app\shared\helpers\functions\global_snackbar.dart
DA:5,0
DA:6,0
DA:9,0
DA:10,0
DA:14,0
DA:16,0
DA:21,0
DA:22,0
DA:26,0
DA:28,0
LF:10
LH:0
end_of_record
SF:lib\app\shared\themes\app_colors.dart
DA:4,3
DA:5,2
DA:6,1
DA:7,0
DA:8,0
DA:9,2
DA:10,2
LF:7
LH:5
end_of_record
SF:lib\app\shared\themes\app_text_styles.dart
DA:5,3
DA:6,1
DA:11,0
DA:12,0
DA:17,6
DA:18,2
DA:22,6
DA:23,2
LF:8
LH:6
end_of_record
SF:lib\app\presentation\widgets\bottom_navigation_widget.dart
DA:6,1
DA:8,1
DA:9,1
DA:15,0
DA:16,0
DA:17,0
DA:21,1
DA:23,1
DA:25,1
DA:29,1
DA:30,1
DA:35,1
DA:41,1
DA:46,1
DA:56,1
DA:58,1
DA:60,1
DA:61,1
DA:63,2
DA:64,4
DA:65,1
DA:68,4
DA:69,2
DA:70,0
LF:24
LH:20
end_of_record
SF:lib\app\presentation\widgets\dialogs\filter_order_dialog.dart
DA:13,3
DA:17,1
DA:18,1
DA:28,1
DA:30,1
DA:31,3
DA:32,3
DA:33,3
DA:34,3
DA:37,0
DA:38,0
DA:39,0
DA:40,0
DA:41,0
DA:44,0
DA:45,0
DA:46,0
DA:47,0
DA:48,0
DA:51,1
DA:53,1
DA:57,1
DA:61,1
DA:63,1
DA:66,1
DA:67,1
DA:68,1
DA:69,1
DA:70,1
DA:71,2
DA:72,2
DA:73,3
DA:76,1
DA:79,1
DA:81,0
DA:82,0
DA:89,1
DA:90,0
DA:91,0
DA:92,0
DA:95,3
DA:97,1
DA:99,1
DA:100,2
DA:101,0
DA:102,0
DA:105,1
DA:107,1
DA:108,2
DA:109,0
DA:110,0
DA:113,1
DA:115,1
DA:116,2
DA:117,0
DA:118,0
DA:121,1
DA:123,1
DA:124,2
DA:125,0
DA:126,0
DA:130,1
DA:131,1
DA:132,3
DA:134,0
DA:135,0
DA:136,0
DA:137,0
DA:138,0
DA:139,0
DA:140,0
DA:141,0
DA:143,0
DA:145,1
DA:146,2
DA:147,1
DA:148,1
DA:149,1
DA:150,2
DA:160,1
DA:166,1
DA:169,1
DA:170,2
DA:172,1
DA:175,1
DA:177,1
DA:179,1
DA:183,1
DA:184,1
DA:187,2
DA:189,1
DA:190,1
DA:191,1
DA:194,1
DA:196,1
DA:197,1
DA:198,1
DA:201,1
DA:204,1
DA:207,1
DA:211,1
DA:214,1
DA:215,1
DA:218,4
DA:223,1
DA:224,4
DA:225,1
DA:227,1
DA:232,0
DA:233,0
DA:234,0
DA:235,0
DA:236,0
DA:239,0
DA:241,0
LF:115
LH:76
end_of_record
SF:lib\app\presentation\widgets\form_card.dart
DA:11,1
DA:13,1
DA:14,1
DA:22,1
DA:24,1
DA:25,2
DA:29,4
DA:32,1
DA:34,2
DA:35,1
DA:38,0
DA:39,0
DA:42,0
DA:43,0
DA:46,1
DA:48,4
DA:49,0
DA:50,4
DA:51,1
DA:52,0
DA:54,1
DA:55,1
DA:56,1
DA:57,1
DA:58,1
DA:59,1
DA:61,1
DA:62,1
DA:65,1
DA:66,3
DA:71,1
DA:76,1
DA:77,1
DA:78,1
DA:80,1
DA:81,1
DA:82,3
DA:83,3
DA:88,1
DA:89,3
DA:90,2
DA:91,3
DA:97,1
DA:98,4
DA:99,2
DA:100,3
DA:105,1
DA:108,1
DA:110,0
DA:111,0
DA:113,1
DA:115,1
LF:52
LH:44
end_of_record
SF:lib\app\presentation\pages\home_page.dart
DA:13,1
DA:15,1
DA:16,1
DA:20,1
DA:22,1
DA:24,1
DA:26,1
DA:27,2
DA:28,1
DA:29,0
DA:33,0
DA:34,0
DA:36,0
DA:39,0
DA:40,0
DA:43,0
DA:44,0
DA:45,0
DA:47,0
DA:49,0
DA:50,0
DA:52,0
DA:53,0
DA:54,0
DA:56,0
DA:63,0
DA:64,0
DA:67,0
DA:68,0
DA:70,0
DA:86,1
DA:87,1
DA:89,2
LF:33
LH:12
end_of_record
SF:lib\app\presentation\widgets\filter_tab_widget.dart
DA:18,2
DA:20,1
DA:21,1
DA:31,1
DA:33,0
DA:34,0
DA:37,0
DA:41,0
DA:42,1
DA:43,2
DA:44,1
DA:46,1
DA:47,1
DA:48,3
DA:52,1
DA:59,1
DA:60,0
DA:62,0
DA:64,0
DA:65,0
DA:66,1
DA:67,4
DA:73,0
DA:74,0
DA:76,0
DA:77,0
DA:79,0
DA:81,0
DA:83,0
DA:84,0
DA:87,0
DA:88,2
DA:89,0
DA:90,2
DA:91,0
DA:92,0
DA:96,0
DA:98,0
DA:106,0
DA:107,0
DA:108,0
DA:109,0
DA:110,0
DA:115,0
DA:116,0
DA:117,0
DA:118,0
DA:119,0
DA:120,0
DA:122,0
DA:123,0
DA:124,0
DA:125,0
DA:127,0
DA:131,0
DA:137,0
DA:143,0
DA:145,0
DA:148,0
DA:150,0
DA:151,0
DA:152,0
DA:153,0
DA:155,0
DA:157,0
DA:166,1
DA:167,2
DA:168,1
DA:170,1
DA:171,3
DA:172,1
DA:175,1
DA:176,1
DA:177,1
DA:178,2
DA:180,2
DA:181,0
DA:182,4
DA:187,1
DA:188,2
DA:189,2
DA:190,0
DA:191,4
DA:194,4
DA:199,2
DA:200,0
DA:201,0
DA:202,0
DA:203,0
DA:204,0
DA:206,0
DA:207,0
DA:208,0
DA:209,0
DA:210,0
DA:211,0
DA:212,0
DA:216,4
DA:217,1
DA:219,4
DA:226,4
DA:227,1
DA:228,1
DA:230,4
DA:232,1
LF:105
LH:42
end_of_record
SF:lib\app\presentation\widgets\dialogs\sort_forms_dialog.dart
DA:12,2
DA:14,0
DA:15,0
DA:20,0
DA:22,0
DA:23,0
DA:26,0
DA:29,0
DA:30,0
DA:33,0
DA:34,0
DA:35,0
DA:37,0
DA:38,0
DA:39,0
DA:41,0
DA:43,0
DA:44,0
DA:45,0
DA:46,0
DA:50,0
DA:51,0
DA:53,0
DA:54,0
DA:62,0
DA:64,0
DA:65,0
DA:66,0
DA:68,0
DA:69,0
DA:70,0
DA:71,0
DA:72,0
DA:73,0
LF:34
LH:1
end_of_record
SF:lib\app\shared\helpers\utils\screen_helper.dart
DA:4,3
DA:5,3
DA:6,3
LF:3
LH:3
end_of_record
